<?xml version="1.0" encoding="UTF-8"?>
<testsuite name="com.tgrajkowski.model.BucketTest" tests="4" skipped="0" failures="0" errors="0" timestamp="2018-03-02T10:35:10" hostname="tomasz-OptiPlex-990" time="0.002">
  <properties/>
  <testcase name="remove" classname="com.tgrajkowski.model.BucketTest" time="0.001"/>
  <testcase name="add" classname="com.tgrajkowski.model.BucketTest" time="0.0"/>
  <testcase name="empty" classname="com.tgrajkowski.model.BucketTest" time="0.0"/>
  <testcase name="samPrice" classname="com.tgrajkowski.model.BucketTest" time="0.0"/>
  <system-out><![CDATA[]]></system-out>
  <system-err><![CDATA[]]></system-err>
</testsuite>
